CRITICAL - 2024-06-03 00:51:38 --> CodeIgniter\HTTP\Exceptions\BadRequestException: The URI you submitted has disallowed characters: "(:id)"
[Method: CLI, Route: routes]
in SYSTEMPATH\Router\Router.php on line 736.
 1 SYSTEMPATH\Router\Router.php(203): CodeIgniter\Router\Router->checkDisallowedChars('api/cars/(:id)')
 2 SYSTEMPATH\Commands\Utilities\Routes\FilterFinder.php(40): CodeIgniter\Router\Router->handle('api/cars/(:id)')
 3 SYSTEMPATH\Commands\Utilities\Routes\FilterFinder.php(56): CodeIgniter\Commands\Utilities\Routes\FilterFinder->getRouteFilters('api/cars/(:id)')
 4 SYSTEMPATH\Commands\Utilities\Routes\FilterCollector.php(79): CodeIgniter\Commands\Utilities\Routes\FilterFinder->find('api/cars/(:id)')
 5 SYSTEMPATH\Commands\Utilities\Routes.php(113): CodeIgniter\Commands\Utilities\Routes\FilterCollector->get('PUT', 'api/cars/(:id)')
 6 SYSTEMPATH\CLI\Commands.php(70): CodeIgniter\Commands\Utilities\Routes->run([])
 7 SYSTEMPATH\CLI\Console.php(48): CodeIgniter\CLI\Commands->run('routes', [])
 8 SYSTEMPATH\Boot.php(338): CodeIgniter\CLI\Console->run()
 9 SYSTEMPATH\Boot.php(104): CodeIgniter\Boot::runCommand(Object(CodeIgniter\CLI\Console))
10 ROOTPATH\spark(84): CodeIgniter\Boot::bootSpark(Object(Config\Paths))
CRITICAL - 2024-06-03 00:54:57 --> CodeIgniter\HTTP\Exceptions\BadRequestException: The URI you submitted has disallowed characters: "(:id)"
[Method: CLI, Route: routes]
in SYSTEMPATH\Router\Router.php on line 736.
 1 SYSTEMPATH\Router\Router.php(203): CodeIgniter\Router\Router->checkDisallowedChars('api/cars/(:id)')
 2 SYSTEMPATH\Commands\Utilities\Routes\FilterFinder.php(40): CodeIgniter\Router\Router->handle('api/cars/(:id)')
 3 SYSTEMPATH\Commands\Utilities\Routes\FilterFinder.php(56): CodeIgniter\Commands\Utilities\Routes\FilterFinder->getRouteFilters('api/cars/(:id)')
 4 SYSTEMPATH\Commands\Utilities\Routes\FilterCollector.php(79): CodeIgniter\Commands\Utilities\Routes\FilterFinder->find('api/cars/(:id)')
 5 SYSTEMPATH\Commands\Utilities\Routes.php(113): CodeIgniter\Commands\Utilities\Routes\FilterCollector->get('PUT', 'api/cars/(:id)')
 6 SYSTEMPATH\CLI\Commands.php(70): CodeIgniter\Commands\Utilities\Routes->run([])
 7 SYSTEMPATH\CLI\Console.php(48): CodeIgniter\CLI\Commands->run('routes', [])
 8 SYSTEMPATH\Boot.php(338): CodeIgniter\CLI\Console->run()
 9 SYSTEMPATH\Boot.php(104): CodeIgniter\Boot::runCommand(Object(CodeIgniter\CLI\Console))
10 ROOTPATH\spark(84): CodeIgniter\Boot::bootSpark(Object(Config\Paths))
CRITICAL - 2024-06-03 00:57:00 --> CodeIgniter\HTTP\Exceptions\BadRequestException: The URI you submitted has disallowed characters: "(:carid)"
[Method: CLI, Route: routes]
in SYSTEMPATH\Router\Router.php on line 736.
 1 SYSTEMPATH\Router\Router.php(203): CodeIgniter\Router\Router->checkDisallowedChars('api/cars/(:carid)')
 2 SYSTEMPATH\Commands\Utilities\Routes\FilterFinder.php(40): CodeIgniter\Router\Router->handle('api/cars/(:carid)')
 3 SYSTEMPATH\Commands\Utilities\Routes\FilterFinder.php(56): CodeIgniter\Commands\Utilities\Routes\FilterFinder->getRouteFilters('api/cars/(:carid)')
 4 SYSTEMPATH\Commands\Utilities\Routes\FilterCollector.php(79): CodeIgniter\Commands\Utilities\Routes\FilterFinder->find('api/cars/(:carid)')
 5 SYSTEMPATH\Commands\Utilities\Routes.php(113): CodeIgniter\Commands\Utilities\Routes\FilterCollector->get('PUT', 'api/cars/(:carid)')
 6 SYSTEMPATH\CLI\Commands.php(70): CodeIgniter\Commands\Utilities\Routes->run([])
 7 SYSTEMPATH\CLI\Console.php(48): CodeIgniter\CLI\Commands->run('routes', [])
 8 SYSTEMPATH\Boot.php(338): CodeIgniter\CLI\Console->run()
 9 SYSTEMPATH\Boot.php(104): CodeIgniter\Boot::runCommand(Object(CodeIgniter\CLI\Console))
10 ROOTPATH\spark(84): CodeIgniter\Boot::bootSpark(Object(Config\Paths))
CRITICAL - 2024-06-03 00:59:52 --> CodeIgniter\HTTP\Exceptions\BadRequestException: The URI you submitted has disallowed characters: "(:carid)"
[Method: CLI, Route: routes]
in SYSTEMPATH\Router\Router.php on line 736.
 1 SYSTEMPATH\Router\Router.php(203): CodeIgniter\Router\Router->checkDisallowedChars('api/cars/(:carid)')
 2 SYSTEMPATH\Commands\Utilities\Routes\FilterFinder.php(40): CodeIgniter\Router\Router->handle('api/cars/(:carid)')
 3 SYSTEMPATH\Commands\Utilities\Routes\FilterFinder.php(56): CodeIgniter\Commands\Utilities\Routes\FilterFinder->getRouteFilters('api/cars/(:carid)')
 4 SYSTEMPATH\Commands\Utilities\Routes\FilterCollector.php(79): CodeIgniter\Commands\Utilities\Routes\FilterFinder->find('api/cars/(:carid)')
 5 SYSTEMPATH\Commands\Utilities\Routes.php(113): CodeIgniter\Commands\Utilities\Routes\FilterCollector->get('PUT', 'api/cars/(:carid)')
 6 SYSTEMPATH\CLI\Commands.php(70): CodeIgniter\Commands\Utilities\Routes->run([])
 7 SYSTEMPATH\CLI\Console.php(48): CodeIgniter\CLI\Commands->run('routes', [])
 8 SYSTEMPATH\Boot.php(338): CodeIgniter\CLI\Console->run()
 9 SYSTEMPATH\Boot.php(104): CodeIgniter\Boot::runCommand(Object(CodeIgniter\CLI\Console))
10 ROOTPATH\spark(84): CodeIgniter\Boot::bootSpark(Object(Config\Paths))
CRITICAL - 2024-06-03 13:55:40 --> ErrorException: Undefined property: App\Controllers\API\UsersController::$validtor
[Method: POST, Route: api/login]
in APPPATH\Controllers\API\UsersController.php on line 31.
 1 APPPATH\Controllers\API\UsersController.php(31): CodeIgniter\Debug\Exceptions->errorHandler(2, 'Undefined property: App\\Controllers\\API\\UsersController::$validtor', 'C:\\xampp\\htdocs\\coding-test\\app\\Controllers\\API\\UsersController.php', 31)
 2 SYSTEMPATH\CodeIgniter.php(933): App\Controllers\API\UsersController->login()
 3 SYSTEMPATH\CodeIgniter.php(509): CodeIgniter\CodeIgniter->runController(Object(App\Controllers\API\UsersController))
 4 SYSTEMPATH\CodeIgniter.php(355): CodeIgniter\CodeIgniter->handleRequest(null, Object(Config\Cache), false)
 5 SYSTEMPATH\Boot.php(312): CodeIgniter\CodeIgniter->run()
 6 SYSTEMPATH\Boot.php(67): CodeIgniter\Boot::runCodeIgniter(Object(CodeIgniter\CodeIgniter))
 7 FCPATH\index.php(56): CodeIgniter\Boot::bootWeb(Object(Config\Paths))
CRITICAL - 2024-06-03 14:27:02 --> TypeError: Key material must be a string, resource, or OpenSSLAsymmetricKey
[Method: GET, Route: api/cars]
in VENDORPATH\firebase\php-jwt\src\Key.php on line 31.
 1 APPPATH\Filters\AuthJwt.php(53): Firebase\JWT\Key->__construct(false, 'HS256')
 2 SYSTEMPATH\Filters\Filters.php(203): App\Filters\AuthJwt->before(Object(CodeIgniter\HTTP\IncomingRequest), null)
 3 SYSTEMPATH\Filters\Filters.php(184): CodeIgniter\Filters\Filters->runBefore([...])
 4 SYSTEMPATH\CodeIgniter.php(481): CodeIgniter\Filters\Filters->run('api/cars', 'before')
 5 SYSTEMPATH\CodeIgniter.php(355): CodeIgniter\CodeIgniter->handleRequest(null, Object(Config\Cache), false)
 6 SYSTEMPATH\Boot.php(312): CodeIgniter\CodeIgniter->run()
 7 SYSTEMPATH\Boot.php(67): CodeIgniter\Boot::runCodeIgniter(Object(CodeIgniter\CodeIgniter))
 8 FCPATH\index.php(56): CodeIgniter\Boot::bootWeb(Object(Config\Paths))
ERROR - 2024-06-03 14:48:58 --> mysqli_sql_exception: Unknown column 'c.id' in 'field list' in C:\xampp\htdocs\coding-test\system\Database\MySQLi\Connection.php:308
Stack trace:
#0 C:\xampp\htdocs\coding-test\system\Database\MySQLi\Connection.php(308): mysqli->query('SELECT `c`.`id`...', 0)
#1 C:\xampp\htdocs\coding-test\system\Database\BaseConnection.php(722): CodeIgniter\Database\MySQLi\Connection->execute('SELECT `c`.`id`...')
#2 C:\xampp\htdocs\coding-test\system\Database\BaseConnection.php(636): CodeIgniter\Database\BaseConnection->simpleQuery('SELECT `c`.`id`...')
#3 C:\xampp\htdocs\coding-test\system\Database\BaseBuilder.php(1629): CodeIgniter\Database\BaseConnection->query('SELECT `c`.`id`...', Array, false)
#4 C:\xampp\htdocs\coding-test\system\Model.php(275): CodeIgniter\Database\BaseBuilder->get()
#5 C:\xampp\htdocs\coding-test\system\BaseModel.php(676): CodeIgniter\Model->doFindAll(0, 0)
#6 C:\xampp\htdocs\coding-test\app\Controllers\API\CarsController.php(23): CodeIgniter\BaseModel->findAll()
#7 C:\xampp\htdocs\coding-test\system\CodeIgniter.php(933): App\Controllers\API\CarsController->index()
#8 C:\xampp\htdocs\coding-test\system\CodeIgniter.php(509): CodeIgniter\CodeIgniter->runController(Object(App\Controllers\API\CarsController))
#9 C:\xampp\htdocs\coding-test\system\CodeIgniter.php(355): CodeIgniter\CodeIgniter->handleRequest(NULL, Object(Config\Cache), false)
#10 C:\xampp\htdocs\coding-test\system\Boot.php(312): CodeIgniter\CodeIgniter->run()
#11 C:\xampp\htdocs\coding-test\system\Boot.php(67): CodeIgniter\Boot::runCodeIgniter(Object(CodeIgniter\CodeIgniter))
#12 C:\xampp\htdocs\coding-test\public\index.php(56): CodeIgniter\Boot::bootWeb(Object(Config\Paths))
#13 {main}
CRITICAL - 2024-06-03 14:48:58 --> CodeIgniter\Database\Exceptions\DatabaseException: Unknown column 'c.id' in 'field list'
[Method: GET, Route: api/cars]
in SYSTEMPATH\Database\BaseConnection.php on line 676.
 1 SYSTEMPATH\Database\BaseBuilder.php(1629): CodeIgniter\Database\BaseConnection->query('SELECT `c`.`id`, `c`.`model`, `c`.`year`, `c`.`vin`, `c`.`shipping_status`, `cm`.`title`, `c`.`created_at`, `c`.`updated_at`
FROM `cars`
JOIN `cars_make` as `cm` ON `cm`.`id` = `c`.`make_id`
WHERE `c`.`status` = :c.status:
ORDER BY `c`.`created_at` DESC', [...], false)
 2 SYSTEMPATH\Model.php(275): CodeIgniter\Database\BaseBuilder->get()
 3 SYSTEMPATH\BaseModel.php(676): CodeIgniter\Model->doFindAll(0, 0)
 4 APPPATH\Controllers\API\CarsController.php(23): CodeIgniter\BaseModel->findAll()
 5 SYSTEMPATH\CodeIgniter.php(933): App\Controllers\API\CarsController->index()
 6 SYSTEMPATH\CodeIgniter.php(509): CodeIgniter\CodeIgniter->runController(Object(App\Controllers\API\CarsController))
 7 SYSTEMPATH\CodeIgniter.php(355): CodeIgniter\CodeIgniter->handleRequest(null, Object(Config\Cache), false)
 8 SYSTEMPATH\Boot.php(312): CodeIgniter\CodeIgniter->run()
 9 SYSTEMPATH\Boot.php(67): CodeIgniter\Boot::runCodeIgniter(Object(CodeIgniter\CodeIgniter))
10 FCPATH\index.php(56): CodeIgniter\Boot::bootWeb(Object(Config\Paths))
CRITICAL - 2024-06-03 14:48:58 --> [Caused by] CodeIgniter\Database\Exceptions\DatabaseException: Unknown column 'c.id' in 'field list'
in SYSTEMPATH\Database\MySQLi\Connection.php on line 313.
 1 SYSTEMPATH\Database\BaseConnection.php(722): CodeIgniter\Database\MySQLi\Connection->execute('SELECT `c`.`id`, `c`.`model`, `c`.`year`, `c`.`vin`, `c`.`shipping_status`, `cm`.`title`, `c`.`created_at`, `c`.`updated_at`
FROM `cars`
JOIN `cars_make` as `cm` ON `cm`.`id` = `c`.`make_id`
WHERE `c`.`status` = 1
ORDER BY `c`.`created_at` DESC')
 2 SYSTEMPATH\Database\BaseConnection.php(636): CodeIgniter\Database\BaseConnection->simpleQuery('SELECT `c`.`id`, `c`.`model`, `c`.`year`, `c`.`vin`, `c`.`shipping_status`, `cm`.`title`, `c`.`created_at`, `c`.`updated_at`
FROM `cars`
JOIN `cars_make` as `cm` ON `cm`.`id` = `c`.`make_id`
WHERE `c`.`status` = 1
ORDER BY `c`.`created_at` DESC')
 3 SYSTEMPATH\Database\BaseBuilder.php(1629): CodeIgniter\Database\BaseConnection->query('SELECT `c`.`id`, `c`.`model`, `c`.`year`, `c`.`vin`, `c`.`shipping_status`, `cm`.`title`, `c`.`created_at`, `c`.`updated_at`
FROM `cars`
JOIN `cars_make` as `cm` ON `cm`.`id` = `c`.`make_id`
WHERE `c`.`status` = :c.status:
ORDER BY `c`.`created_at` DESC', [...], false)
 4 SYSTEMPATH\Model.php(275): CodeIgniter\Database\BaseBuilder->get()
 5 SYSTEMPATH\BaseModel.php(676): CodeIgniter\Model->doFindAll(0, 0)
 6 APPPATH\Controllers\API\CarsController.php(23): CodeIgniter\BaseModel->findAll()
 7 SYSTEMPATH\CodeIgniter.php(933): App\Controllers\API\CarsController->index()
 8 SYSTEMPATH\CodeIgniter.php(509): CodeIgniter\CodeIgniter->runController(Object(App\Controllers\API\CarsController))
 9 SYSTEMPATH\CodeIgniter.php(355): CodeIgniter\CodeIgniter->handleRequest(null, Object(Config\Cache), false)
10 SYSTEMPATH\Boot.php(312): CodeIgniter\CodeIgniter->run()
11 SYSTEMPATH\Boot.php(67): CodeIgniter\Boot::runCodeIgniter(Object(CodeIgniter\CodeIgniter))
12 FCPATH\index.php(56): CodeIgniter\Boot::bootWeb(Object(Config\Paths))
CRITICAL - 2024-06-03 14:48:58 --> [Caused by] mysqli_sql_exception: Unknown column 'c.id' in 'field list'
in SYSTEMPATH\Database\MySQLi\Connection.php on line 308.
 1 SYSTEMPATH\Database\MySQLi\Connection.php(308): mysqli->query('SELECT `c`.`id`, `c`.`model`, `c`.`year`, `c`.`vin`, `c`.`shipping_status`, `cm`.`title`, `c`.`created_at`, `c`.`updated_at`
FROM `cars`
JOIN `cars_make` as `cm` ON `cm`.`id` = `c`.`make_id`
WHERE `c`.`status` = 1
ORDER BY `c`.`created_at` DESC', 0)
 2 SYSTEMPATH\Database\BaseConnection.php(722): CodeIgniter\Database\MySQLi\Connection->execute('SELECT `c`.`id`, `c`.`model`, `c`.`year`, `c`.`vin`, `c`.`shipping_status`, `cm`.`title`, `c`.`created_at`, `c`.`updated_at`
FROM `cars`
JOIN `cars_make` as `cm` ON `cm`.`id` = `c`.`make_id`
WHERE `c`.`status` = 1
ORDER BY `c`.`created_at` DESC')
 3 SYSTEMPATH\Database\BaseConnection.php(636): CodeIgniter\Database\BaseConnection->simpleQuery('SELECT `c`.`id`, `c`.`model`, `c`.`year`, `c`.`vin`, `c`.`shipping_status`, `cm`.`title`, `c`.`created_at`, `c`.`updated_at`
FROM `cars`
JOIN `cars_make` as `cm` ON `cm`.`id` = `c`.`make_id`
WHERE `c`.`status` = 1
ORDER BY `c`.`created_at` DESC')
 4 SYSTEMPATH\Database\BaseBuilder.php(1629): CodeIgniter\Database\BaseConnection->query('SELECT `c`.`id`, `c`.`model`, `c`.`year`, `c`.`vin`, `c`.`shipping_status`, `cm`.`title`, `c`.`created_at`, `c`.`updated_at`
FROM `cars`
JOIN `cars_make` as `cm` ON `cm`.`id` = `c`.`make_id`
WHERE `c`.`status` = :c.status:
ORDER BY `c`.`created_at` DESC', [...], false)
 5 SYSTEMPATH\Model.php(275): CodeIgniter\Database\BaseBuilder->get()
 6 SYSTEMPATH\BaseModel.php(676): CodeIgniter\Model->doFindAll(0, 0)
 7 APPPATH\Controllers\API\CarsController.php(23): CodeIgniter\BaseModel->findAll()
 8 SYSTEMPATH\CodeIgniter.php(933): App\Controllers\API\CarsController->index()
 9 SYSTEMPATH\CodeIgniter.php(509): CodeIgniter\CodeIgniter->runController(Object(App\Controllers\API\CarsController))
10 SYSTEMPATH\CodeIgniter.php(355): CodeIgniter\CodeIgniter->handleRequest(null, Object(Config\Cache), false)
11 SYSTEMPATH\Boot.php(312): CodeIgniter\CodeIgniter->run()
12 SYSTEMPATH\Boot.php(67): CodeIgniter\Boot::runCodeIgniter(Object(CodeIgniter\CodeIgniter))
13 FCPATH\index.php(56): CodeIgniter\Boot::bootWeb(Object(Config\Paths))
CRITICAL - 2024-06-03 19:18:06 --> TypeError: App\Controllers\API\CarsController::updateShippingStatus(): Return value must be of type App\Controllers\API\json, CodeIgniter\HTTP\Response returned
[Method: PUT, Route: api/cars/3]
in APPPATH\Controllers\API\CarsController.php on line 87.
 1 SYSTEMPATH\CodeIgniter.php(933): App\Controllers\API\CarsController->updateShippingStatus('3')
 2 SYSTEMPATH\CodeIgniter.php(509): CodeIgniter\CodeIgniter->runController(Object(App\Controllers\API\CarsController))
 3 SYSTEMPATH\CodeIgniter.php(355): CodeIgniter\CodeIgniter->handleRequest(null, Object(Config\Cache), false)
 4 SYSTEMPATH\Boot.php(312): CodeIgniter\CodeIgniter->run()
 5 SYSTEMPATH\Boot.php(67): CodeIgniter\Boot::runCodeIgniter(Object(CodeIgniter\CodeIgniter))
 6 FCPATH\index.php(56): CodeIgniter\Boot::bootWeb(Object(Config\Paths))
CRITICAL - 2024-06-03 19:21:36 --> TypeError: Key material must be a string, resource, or OpenSSLAsymmetricKey
[Method: GET, Route: api/cars]
in VENDORPATH\firebase\php-jwt\src\Key.php on line 31.
 1 APPPATH\Filters\AuthJwt.php(53): Firebase\JWT\Key->__construct(false, 'HS256')
 2 SYSTEMPATH\Filters\Filters.php(203): App\Filters\AuthJwt->before(Object(CodeIgniter\HTTP\IncomingRequest), null)
 3 SYSTEMPATH\Filters\Filters.php(184): CodeIgniter\Filters\Filters->runBefore([...])
 4 SYSTEMPATH\CodeIgniter.php(481): CodeIgniter\Filters\Filters->run('api/cars', 'before')
 5 SYSTEMPATH\CodeIgniter.php(355): CodeIgniter\CodeIgniter->handleRequest(null, Object(Config\Cache), false)
 6 SYSTEMPATH\Boot.php(312): CodeIgniter\CodeIgniter->run()
 7 SYSTEMPATH\Boot.php(67): CodeIgniter\Boot::runCodeIgniter(Object(CodeIgniter\CodeIgniter))
 8 FCPATH\index.php(56): CodeIgniter\Boot::bootWeb(Object(Config\Paths))
CRITICAL - 2024-06-03 19:21:56 --> TypeError: Key material must be a string, resource, or OpenSSLAsymmetricKey
[Method: GET, Route: api/cars]
in VENDORPATH\firebase\php-jwt\src\Key.php on line 31.
 1 APPPATH\Filters\AuthJwt.php(53): Firebase\JWT\Key->__construct(false, 'HS256')
 2 SYSTEMPATH\Filters\Filters.php(203): App\Filters\AuthJwt->before(Object(CodeIgniter\HTTP\IncomingRequest), null)
 3 SYSTEMPATH\Filters\Filters.php(184): CodeIgniter\Filters\Filters->runBefore([...])
 4 SYSTEMPATH\CodeIgniter.php(481): CodeIgniter\Filters\Filters->run('api/cars', 'before')
 5 SYSTEMPATH\CodeIgniter.php(355): CodeIgniter\CodeIgniter->handleRequest(null, Object(Config\Cache), false)
 6 SYSTEMPATH\Boot.php(312): CodeIgniter\CodeIgniter->run()
 7 SYSTEMPATH\Boot.php(67): CodeIgniter\Boot::runCodeIgniter(Object(CodeIgniter\CodeIgniter))
 8 FCPATH\index.php(56): CodeIgniter\Boot::bootWeb(Object(Config\Paths))
CRITICAL - 2024-06-03 22:41:51 --> Error: Call to undefined function Config\Services\cache()
[Method: GET, Route: api/cars]
in APPPATH\Controllers\API\CarsController.php on line 16.
 1 SYSTEMPATH\CodeIgniter.php(903): App\Controllers\API\CarsController->__construct()
 2 SYSTEMPATH\CodeIgniter.php(500): CodeIgniter\CodeIgniter->createController()
 3 SYSTEMPATH\CodeIgniter.php(355): CodeIgniter\CodeIgniter->handleRequest(null, Object(Config\Cache), false)
 4 SYSTEMPATH\Boot.php(312): CodeIgniter\CodeIgniter->run()
 5 SYSTEMPATH\Boot.php(67): CodeIgniter\Boot::runCodeIgniter(Object(CodeIgniter\CodeIgniter))
 6 FCPATH\index.php(56): CodeIgniter\Boot::bootWeb(Object(Config\Paths))
CRITICAL - 2024-06-03 22:43:25 --> ErrorException: Undefined variable $items
[Method: GET, Route: api/cars]
in APPPATH\Controllers\API\CarsController.php on line 25.
 1 APPPATH\Controllers\API\CarsController.php(25): CodeIgniter\Debug\Exceptions->errorHandler(2, 'Undefined variable $items', 'C:\\xampp\\htdocs\\coding-test\\app\\Controllers\\API\\CarsController.php', 25)
 2 SYSTEMPATH\CodeIgniter.php(933): App\Controllers\API\CarsController->index()
 3 SYSTEMPATH\CodeIgniter.php(509): CodeIgniter\CodeIgniter->runController(Object(App\Controllers\API\CarsController))
 4 SYSTEMPATH\CodeIgniter.php(355): CodeIgniter\CodeIgniter->handleRequest(null, Object(Config\Cache), false)
 5 SYSTEMPATH\Boot.php(312): CodeIgniter\CodeIgniter->run()
 6 SYSTEMPATH\Boot.php(67): CodeIgniter\Boot::runCodeIgniter(Object(CodeIgniter\CodeIgniter))
 7 FCPATH\index.php(56): CodeIgniter\Boot::bootWeb(Object(Config\Paths))
