ERROR - 2024-06-01 10:06:46 --> mysqli_sql_exception: Invalid default value for 'created_at' in C:\xampp\htdocs\coding-test\system\Database\MySQLi\Connection.php:308
Stack trace:
#0 C:\xampp\htdocs\coding-test\system\Database\MySQLi\Connection.php(308): mysqli->query('CREATE TABLE `c...', 0)
#1 C:\xampp\htdocs\coding-test\system\Database\BaseConnection.php(722): CodeIgniter\Database\MySQLi\Connection->execute('CREATE TABLE `c...')
#2 C:\xampp\htdocs\coding-test\system\Database\BaseConnection.php(636): CodeIgniter\Database\BaseConnection->simpleQuery('CREATE TABLE `c...')
#3 C:\xampp\htdocs\coding-test\system\Database\Forge.php(570): CodeIgniter\Database\BaseConnection->query('CREATE TABLE `c...')
#4 C:\xampp\htdocs\coding-test\app\Database\Migrations\2024-05-31-193610_CreateCarsTable.php(23): CodeIgniter\Database\Forge->createTable('cars')
#5 C:\xampp\htdocs\coding-test\system\Database\MigrationRunner.php(867): App\Database\Migrations\CreateCarsTable->up()
#6 C:\xampp\htdocs\coding-test\system\Database\MigrationRunner.php(183): CodeIgniter\Database\MigrationRunner->migrate('up', Object(stdClass))
#7 C:\xampp\htdocs\coding-test\system\Commands\Database\Migrate.php(85): CodeIgniter\Database\MigrationRunner->latest(NULL)
#8 C:\xampp\htdocs\coding-test\system\CLI\Commands.php(70): CodeIgniter\Commands\Database\Migrate->run(Array)
#9 C:\xampp\htdocs\coding-test\system\CLI\BaseCommand.php(119): CodeIgniter\CLI\Commands->run('migrate', Array)
#10 C:\xampp\htdocs\coding-test\system\Commands\Database\MigrateRefresh.php(87): CodeIgniter\CLI\BaseCommand->call('migrate', Array)
#11 C:\xampp\htdocs\coding-test\system\CLI\Commands.php(70): CodeIgniter\Commands\Database\MigrateRefresh->run(Array)
#12 C:\xampp\htdocs\coding-test\system\CLI\Console.php(48): CodeIgniter\CLI\Commands->run('migrate:refresh', Array)
#13 C:\xampp\htdocs\coding-test\system\Boot.php(338): CodeIgniter\CLI\Console->run()
#14 C:\xampp\htdocs\coding-test\system\Boot.php(104): CodeIgniter\Boot::runCommand(Object(CodeIgniter\CLI\Console))
#15 C:\xampp\htdocs\coding-test\spark(84): CodeIgniter\Boot::bootSpark(Object(Config\Paths))
#16 {main}
ERROR - 2024-06-01 11:19:34 --> mysqli_sql_exception: Table 'cars' already exists in C:\xampp\htdocs\coding-test\system\Database\MySQLi\Connection.php:308
Stack trace:
#0 C:\xampp\htdocs\coding-test\system\Database\MySQLi\Connection.php(308): mysqli->query('CREATE TABLE `c...', 0)
#1 C:\xampp\htdocs\coding-test\system\Database\BaseConnection.php(722): CodeIgniter\Database\MySQLi\Connection->execute('CREATE TABLE `c...')
#2 C:\xampp\htdocs\coding-test\system\Database\BaseConnection.php(636): CodeIgniter\Database\BaseConnection->simpleQuery('CREATE TABLE `c...')
#3 C:\xampp\htdocs\coding-test\system\Database\Forge.php(570): CodeIgniter\Database\BaseConnection->query('CREATE TABLE `c...')
#4 C:\xampp\htdocs\coding-test\app\Database\Migrations\2024-06-01-105141_CreateCarsTable.php(25): CodeIgniter\Database\Forge->createTable('cars')
#5 C:\xampp\htdocs\coding-test\system\Database\MigrationRunner.php(867): App\Database\Migrations\CreateCarsTable->up()
#6 C:\xampp\htdocs\coding-test\system\Database\MigrationRunner.php(183): CodeIgniter\Database\MigrationRunner->migrate('up', Object(stdClass))
#7 C:\xampp\htdocs\coding-test\system\Commands\Database\Migrate.php(85): CodeIgniter\Database\MigrationRunner->latest(NULL)
#8 C:\xampp\htdocs\coding-test\system\CLI\Commands.php(70): CodeIgniter\Commands\Database\Migrate->run(Array)
#9 C:\xampp\htdocs\coding-test\system\CLI\BaseCommand.php(119): CodeIgniter\CLI\Commands->run('migrate', Array)
#10 C:\xampp\htdocs\coding-test\system\Commands\Database\MigrateRefresh.php(87): CodeIgniter\CLI\BaseCommand->call('migrate', Array)
#11 C:\xampp\htdocs\coding-test\system\CLI\Commands.php(70): CodeIgniter\Commands\Database\MigrateRefresh->run(Array)
#12 C:\xampp\htdocs\coding-test\system\CLI\Console.php(48): CodeIgniter\CLI\Commands->run('migrate:refresh', Array)
#13 C:\xampp\htdocs\coding-test\system\Boot.php(338): CodeIgniter\CLI\Console->run()
#14 C:\xampp\htdocs\coding-test\system\Boot.php(104): CodeIgniter\Boot::runCommand(Object(CodeIgniter\CLI\Console))
#15 C:\xampp\htdocs\coding-test\spark(84): CodeIgniter\Boot::bootSpark(Object(Config\Paths))
#16 {main}
ERROR - 2024-06-01 11:22:26 --> mysqli_sql_exception: Table 'users' already exists in C:\xampp\htdocs\coding-test\system\Database\MySQLi\Connection.php:308
Stack trace:
#0 C:\xampp\htdocs\coding-test\system\Database\MySQLi\Connection.php(308): mysqli->query('CREATE TABLE `u...', 0)
#1 C:\xampp\htdocs\coding-test\system\Database\BaseConnection.php(722): CodeIgniter\Database\MySQLi\Connection->execute('CREATE TABLE `u...')
#2 C:\xampp\htdocs\coding-test\system\Database\BaseConnection.php(636): CodeIgniter\Database\BaseConnection->simpleQuery('CREATE TABLE `u...')
#3 C:\xampp\htdocs\coding-test\system\Database\Forge.php(570): CodeIgniter\Database\BaseConnection->query('CREATE TABLE `u...')
#4 C:\xampp\htdocs\coding-test\app\Database\Migrations\2024-05-31-114612_CreateUsersTable.php(22): CodeIgniter\Database\Forge->createTable('users')
#5 C:\xampp\htdocs\coding-test\system\Database\MigrationRunner.php(867): App\Database\Migrations\CreateUsersTable->up()
#6 C:\xampp\htdocs\coding-test\system\Database\MigrationRunner.php(183): CodeIgniter\Database\MigrationRunner->migrate('up', Object(stdClass))
#7 C:\xampp\htdocs\coding-test\system\Commands\Database\Migrate.php(85): CodeIgniter\Database\MigrationRunner->latest(NULL)
#8 C:\xampp\htdocs\coding-test\system\CLI\Commands.php(70): CodeIgniter\Commands\Database\Migrate->run(Array)
#9 C:\xampp\htdocs\coding-test\system\CLI\Console.php(48): CodeIgniter\CLI\Commands->run('migrate', Array)
#10 C:\xampp\htdocs\coding-test\system\Boot.php(338): CodeIgniter\CLI\Console->run()
#11 C:\xampp\htdocs\coding-test\system\Boot.php(104): CodeIgniter\Boot::runCommand(Object(CodeIgniter\CLI\Console))
#12 C:\xampp\htdocs\coding-test\spark(84): CodeIgniter\Boot::bootSpark(Object(Config\Paths))
#13 {main}
ERROR - 2024-06-01 11:22:59 --> mysqli_sql_exception: Table 'cars_make' already exists in C:\xampp\htdocs\coding-test\system\Database\MySQLi\Connection.php:308
Stack trace:
#0 C:\xampp\htdocs\coding-test\system\Database\MySQLi\Connection.php(308): mysqli->query('CREATE TABLE `c...', 0)
#1 C:\xampp\htdocs\coding-test\system\Database\BaseConnection.php(722): CodeIgniter\Database\MySQLi\Connection->execute('CREATE TABLE `c...')
#2 C:\xampp\htdocs\coding-test\system\Database\BaseConnection.php(636): CodeIgniter\Database\BaseConnection->simpleQuery('CREATE TABLE `c...')
#3 C:\xampp\htdocs\coding-test\system\Database\Forge.php(570): CodeIgniter\Database\BaseConnection->query('CREATE TABLE `c...')
#4 C:\xampp\htdocs\coding-test\app\Database\Migrations\2024-05-31-193610_CreateMakeTable.php(19): CodeIgniter\Database\Forge->createTable('cars_make')
#5 C:\xampp\htdocs\coding-test\system\Database\MigrationRunner.php(867): App\Database\Migrations\CreateMakeTable->up()
#6 C:\xampp\htdocs\coding-test\system\Database\MigrationRunner.php(183): CodeIgniter\Database\MigrationRunner->migrate('up', Object(stdClass))
#7 C:\xampp\htdocs\coding-test\system\Commands\Database\Migrate.php(85): CodeIgniter\Database\MigrationRunner->latest(NULL)
#8 C:\xampp\htdocs\coding-test\system\CLI\Commands.php(70): CodeIgniter\Commands\Database\Migrate->run(Array)
#9 C:\xampp\htdocs\coding-test\system\CLI\Console.php(48): CodeIgniter\CLI\Commands->run('migrate', Array)
#10 C:\xampp\htdocs\coding-test\system\Boot.php(338): CodeIgniter\CLI\Console->run()
#11 C:\xampp\htdocs\coding-test\system\Boot.php(104): CodeIgniter\Boot::runCommand(Object(CodeIgniter\CLI\Console))
#12 C:\xampp\htdocs\coding-test\spark(84): CodeIgniter\Boot::bootSpark(Object(Config\Paths))
#13 {main}
ERROR - 2024-06-01 11:24:02 --> mysqli_sql_exception: Can't create table `codingtest`.`cars` (errno: 150 "Foreign key constraint is incorrectly formed") in C:\xampp\htdocs\coding-test\system\Database\MySQLi\Connection.php:308
Stack trace:
#0 C:\xampp\htdocs\coding-test\system\Database\MySQLi\Connection.php(308): mysqli->query('CREATE TABLE `c...', 0)
#1 C:\xampp\htdocs\coding-test\system\Database\BaseConnection.php(722): CodeIgniter\Database\MySQLi\Connection->execute('CREATE TABLE `c...')
#2 C:\xampp\htdocs\coding-test\system\Database\BaseConnection.php(636): CodeIgniter\Database\BaseConnection->simpleQuery('CREATE TABLE `c...')
#3 C:\xampp\htdocs\coding-test\system\Database\Forge.php(570): CodeIgniter\Database\BaseConnection->query('CREATE TABLE `c...')
#4 C:\xampp\htdocs\coding-test\app\Database\Migrations\2024-06-01-105141_CreateCarsTable.php(26): CodeIgniter\Database\Forge->createTable('cars')
#5 C:\xampp\htdocs\coding-test\system\Database\MigrationRunner.php(867): App\Database\Migrations\CreateCarsTable->up()
#6 C:\xampp\htdocs\coding-test\system\Database\MigrationRunner.php(183): CodeIgniter\Database\MigrationRunner->migrate('up', Object(stdClass))
#7 C:\xampp\htdocs\coding-test\system\Commands\Database\Migrate.php(85): CodeIgniter\Database\MigrationRunner->latest(NULL)
#8 C:\xampp\htdocs\coding-test\system\CLI\Commands.php(70): CodeIgniter\Commands\Database\Migrate->run(Array)
#9 C:\xampp\htdocs\coding-test\system\CLI\Console.php(48): CodeIgniter\CLI\Commands->run('migrate', Array)
#10 C:\xampp\htdocs\coding-test\system\Boot.php(338): CodeIgniter\CLI\Console->run()
#11 C:\xampp\htdocs\coding-test\system\Boot.php(104): CodeIgniter\Boot::runCommand(Object(CodeIgniter\CLI\Console))
#12 C:\xampp\htdocs\coding-test\spark(84): CodeIgniter\Boot::bootSpark(Object(Config\Paths))
#13 {main}
ERROR - 2024-06-01 15:03:44 --> mysqli_sql_exception: Can't create table `codingtest`.`cars` (errno: 150 "Foreign key constraint is incorrectly formed") in C:\xampp\htdocs\coding-test\system\Database\MySQLi\Connection.php:308
Stack trace:
#0 C:\xampp\htdocs\coding-test\system\Database\MySQLi\Connection.php(308): mysqli->query('CREATE TABLE `c...', 0)
#1 C:\xampp\htdocs\coding-test\system\Database\BaseConnection.php(722): CodeIgniter\Database\MySQLi\Connection->execute('CREATE TABLE `c...')
#2 C:\xampp\htdocs\coding-test\system\Database\BaseConnection.php(636): CodeIgniter\Database\BaseConnection->simpleQuery('CREATE TABLE `c...')
#3 C:\xampp\htdocs\coding-test\system\Database\Forge.php(570): CodeIgniter\Database\BaseConnection->query('CREATE TABLE `c...')
#4 C:\xampp\htdocs\coding-test\app\Database\Migrations\2024-06-01-105141_CreateCarsTable.php(26): CodeIgniter\Database\Forge->createTable('cars')
#5 C:\xampp\htdocs\coding-test\system\Database\MigrationRunner.php(867): App\Database\Migrations\CreateCarsTable->up()
#6 C:\xampp\htdocs\coding-test\system\Database\MigrationRunner.php(183): CodeIgniter\Database\MigrationRunner->migrate('up', Object(stdClass))
#7 C:\xampp\htdocs\coding-test\system\Commands\Database\Migrate.php(85): CodeIgniter\Database\MigrationRunner->latest(NULL)
#8 C:\xampp\htdocs\coding-test\system\CLI\Commands.php(70): CodeIgniter\Commands\Database\Migrate->run(Array)
#9 C:\xampp\htdocs\coding-test\system\CLI\Console.php(48): CodeIgniter\CLI\Commands->run('migrate', Array)
#10 C:\xampp\htdocs\coding-test\system\Boot.php(338): CodeIgniter\CLI\Console->run()
#11 C:\xampp\htdocs\coding-test\system\Boot.php(104): CodeIgniter\Boot::runCommand(Object(CodeIgniter\CLI\Console))
#12 C:\xampp\htdocs\coding-test\spark(84): CodeIgniter\Boot::bootSpark(Object(Config\Paths))
#13 {main}
CRITICAL - 2024-06-01 23:00:29 --> Error: Class "App\Controllers\API\BaseController" not found
[Method: GET, Route: api/cars]
in APPPATH\Controllers\API\CarsController.php on line 6.
 1 SYSTEMPATH\Autoloader\Autoloader.php(317): include_once()
 2 SYSTEMPATH\Autoloader\Autoloader.php(296): CodeIgniter\Autoloader\Autoloader->includeFile('C:\\xampp\\htdocs\\coding-test\\app\\Controllers\\API\\CarsController.php')
 3 SYSTEMPATH\Autoloader\Autoloader.php(272): CodeIgniter\Autoloader\Autoloader->loadInNamespace('App\\Controllers\\API\\CarsController')
 4 [internal function]: CodeIgniter\Autoloader\Autoloader->loadClass('App\\Controllers\\API\\CarsController')
 5 SYSTEMPATH\CodeIgniter.php(887): class_exists('\\App\\Controllers\\API\\CarsController', true)
 6 SYSTEMPATH\CodeIgniter.php(496): CodeIgniter\CodeIgniter->startController()
 7 SYSTEMPATH\CodeIgniter.php(355): CodeIgniter\CodeIgniter->handleRequest(null, Object(Config\Cache), false)
 8 SYSTEMPATH\Boot.php(312): CodeIgniter\CodeIgniter->run()
 9 SYSTEMPATH\Boot.php(67): CodeIgniter\Boot::runCodeIgniter(Object(CodeIgniter\CodeIgniter))
10 FCPATH\index.php(56): CodeIgniter\Boot::bootWeb(Object(Config\Paths))
CRITICAL - 2024-06-01 23:00:46 --> Error: Class "App\Controllers\API\BaseController" not found
[Method: GET, Route: api/cars]
in APPPATH\Controllers\API\CarsController.php on line 6.
 1 SYSTEMPATH\Autoloader\Autoloader.php(317): include_once()
 2 SYSTEMPATH\Autoloader\Autoloader.php(296): CodeIgniter\Autoloader\Autoloader->includeFile('C:\\xampp\\htdocs\\coding-test\\app\\Controllers\\API\\CarsController.php')
 3 SYSTEMPATH\Autoloader\Autoloader.php(272): CodeIgniter\Autoloader\Autoloader->loadInNamespace('App\\Controllers\\API\\CarsController')
 4 [internal function]: CodeIgniter\Autoloader\Autoloader->loadClass('App\\Controllers\\API\\CarsController')
 5 SYSTEMPATH\CodeIgniter.php(887): class_exists('\\App\\Controllers\\API\\CarsController', true)
 6 SYSTEMPATH\CodeIgniter.php(496): CodeIgniter\CodeIgniter->startController()
 7 SYSTEMPATH\CodeIgniter.php(355): CodeIgniter\CodeIgniter->handleRequest(null, Object(Config\Cache), false)
 8 SYSTEMPATH\Boot.php(312): CodeIgniter\CodeIgniter->run()
 9 SYSTEMPATH\Boot.php(67): CodeIgniter\Boot::runCodeIgniter(Object(CodeIgniter\CodeIgniter))
10 FCPATH\index.php(56): CodeIgniter\Boot::bootWeb(Object(Config\Paths))
CRITICAL - 2024-06-01 23:02:26 --> Error: Class "App\Controllers\API\BaseController" not found
[Method: GET, Route: api/cars]
in APPPATH\Controllers\API\CarsController.php on line 6.
 1 SYSTEMPATH\Autoloader\Autoloader.php(317): include_once()
 2 SYSTEMPATH\Autoloader\Autoloader.php(296): CodeIgniter\Autoloader\Autoloader->includeFile('C:\\xampp\\htdocs\\coding-test\\app\\Controllers\\API\\CarsController.php')
 3 SYSTEMPATH\Autoloader\Autoloader.php(272): CodeIgniter\Autoloader\Autoloader->loadInNamespace('App\\Controllers\\API\\CarsController')
 4 [internal function]: CodeIgniter\Autoloader\Autoloader->loadClass('App\\Controllers\\API\\CarsController')
 5 SYSTEMPATH\CodeIgniter.php(887): class_exists('\\App\\Controllers\\API\\CarsController', true)
 6 SYSTEMPATH\CodeIgniter.php(496): CodeIgniter\CodeIgniter->startController()
 7 SYSTEMPATH\CodeIgniter.php(355): CodeIgniter\CodeIgniter->handleRequest(null, Object(Config\Cache), false)
 8 SYSTEMPATH\Boot.php(312): CodeIgniter\CodeIgniter->run()
 9 SYSTEMPATH\Boot.php(67): CodeIgniter\Boot::runCodeIgniter(Object(CodeIgniter\CodeIgniter))
10 FCPATH\index.php(56): CodeIgniter\Boot::bootWeb(Object(Config\Paths))
CRITICAL - 2024-06-01 23:03:38 --> Error: Class "App\Controllers\API\BaseController" not found
[Method: GET, Route: api/cars]
in APPPATH\Controllers\API\CarsController.php on line 6.
 1 SYSTEMPATH\Autoloader\Autoloader.php(317): include_once()
 2 SYSTEMPATH\Autoloader\Autoloader.php(296): CodeIgniter\Autoloader\Autoloader->includeFile('C:\\xampp\\htdocs\\coding-test\\app\\Controllers\\API\\CarsController.php')
 3 SYSTEMPATH\Autoloader\Autoloader.php(272): CodeIgniter\Autoloader\Autoloader->loadInNamespace('App\\Controllers\\API\\CarsController')
 4 [internal function]: CodeIgniter\Autoloader\Autoloader->loadClass('App\\Controllers\\API\\CarsController')
 5 SYSTEMPATH\CodeIgniter.php(887): class_exists('\\App\\Controllers\\API\\CarsController', true)
 6 SYSTEMPATH\CodeIgniter.php(496): CodeIgniter\CodeIgniter->startController()
 7 SYSTEMPATH\CodeIgniter.php(355): CodeIgniter\CodeIgniter->handleRequest(null, Object(Config\Cache), false)
 8 SYSTEMPATH\Boot.php(312): CodeIgniter\CodeIgniter->run()
 9 SYSTEMPATH\Boot.php(67): CodeIgniter\Boot::runCodeIgniter(Object(CodeIgniter\CodeIgniter))
10 FCPATH\index.php(56): CodeIgniter\Boot::bootWeb(Object(Config\Paths))
CRITICAL - 2024-06-01 23:04:27 --> Error: Class "App\Controllers\API\BaseController" not found
[Method: GET, Route: api/cars]
in APPPATH\Controllers\API\CarsController.php on line 6.
 1 SYSTEMPATH\Autoloader\Autoloader.php(317): include_once()
 2 SYSTEMPATH\Autoloader\Autoloader.php(296): CodeIgniter\Autoloader\Autoloader->includeFile('C:\\xampp\\htdocs\\coding-test\\app\\Controllers\\API\\CarsController.php')
 3 SYSTEMPATH\Autoloader\Autoloader.php(272): CodeIgniter\Autoloader\Autoloader->loadInNamespace('App\\Controllers\\API\\CarsController')
 4 [internal function]: CodeIgniter\Autoloader\Autoloader->loadClass('App\\Controllers\\API\\CarsController')
 5 SYSTEMPATH\CodeIgniter.php(887): class_exists('\\App\\Controllers\\API\\CarsController', true)
 6 SYSTEMPATH\CodeIgniter.php(496): CodeIgniter\CodeIgniter->startController()
 7 SYSTEMPATH\CodeIgniter.php(355): CodeIgniter\CodeIgniter->handleRequest(null, Object(Config\Cache), false)
 8 SYSTEMPATH\Boot.php(312): CodeIgniter\CodeIgniter->run()
 9 SYSTEMPATH\Boot.php(67): CodeIgniter\Boot::runCodeIgniter(Object(CodeIgniter\CodeIgniter))
10 FCPATH\index.php(56): CodeIgniter\Boot::bootWeb(Object(Config\Paths))
CRITICAL - 2024-06-01 23:04:35 --> Error: Class "App\Controllers\API\BaseController" not found
[Method: GET, Route: api/cars]
in APPPATH\Controllers\API\CarsController.php on line 6.
 1 SYSTEMPATH\Autoloader\Autoloader.php(317): include_once()
 2 SYSTEMPATH\Autoloader\Autoloader.php(296): CodeIgniter\Autoloader\Autoloader->includeFile('C:\\xampp\\htdocs\\coding-test\\app\\Controllers\\API\\CarsController.php')
 3 SYSTEMPATH\Autoloader\Autoloader.php(272): CodeIgniter\Autoloader\Autoloader->loadInNamespace('App\\Controllers\\API\\CarsController')
 4 [internal function]: CodeIgniter\Autoloader\Autoloader->loadClass('App\\Controllers\\API\\CarsController')
 5 SYSTEMPATH\CodeIgniter.php(887): class_exists('\\App\\Controllers\\API\\CarsController', true)
 6 SYSTEMPATH\CodeIgniter.php(496): CodeIgniter\CodeIgniter->startController()
 7 SYSTEMPATH\CodeIgniter.php(355): CodeIgniter\CodeIgniter->handleRequest(null, Object(Config\Cache), false)
 8 SYSTEMPATH\Boot.php(312): CodeIgniter\CodeIgniter->run()
 9 SYSTEMPATH\Boot.php(67): CodeIgniter\Boot::runCodeIgniter(Object(CodeIgniter\CodeIgniter))
10 FCPATH\index.php(56): CodeIgniter\Boot::bootWeb(Object(Config\Paths))
CRITICAL - 2024-06-01 23:06:54 --> Error: Class "App\Controllers\API\BaseController" not found
[Method: GET, Route: api/cars]
in APPPATH\Controllers\API\CarsController.php on line 6.
 1 SYSTEMPATH\Autoloader\Autoloader.php(317): include_once()
 2 SYSTEMPATH\Autoloader\Autoloader.php(296): CodeIgniter\Autoloader\Autoloader->includeFile('C:\\xampp\\htdocs\\coding-test\\app\\Controllers\\API\\CarsController.php')
 3 SYSTEMPATH\Autoloader\Autoloader.php(272): CodeIgniter\Autoloader\Autoloader->loadInNamespace('App\\Controllers\\API\\CarsController')
 4 [internal function]: CodeIgniter\Autoloader\Autoloader->loadClass('App\\Controllers\\API\\CarsController')
 5 SYSTEMPATH\CodeIgniter.php(887): class_exists('\\App\\Controllers\\API\\CarsController', true)
 6 SYSTEMPATH\CodeIgniter.php(496): CodeIgniter\CodeIgniter->startController()
 7 SYSTEMPATH\CodeIgniter.php(355): CodeIgniter\CodeIgniter->handleRequest(null, Object(Config\Cache), false)
 8 SYSTEMPATH\Boot.php(312): CodeIgniter\CodeIgniter->run()
 9 SYSTEMPATH\Boot.php(67): CodeIgniter\Boot::runCodeIgniter(Object(CodeIgniter\CodeIgniter))
10 FCPATH\index.php(56): CodeIgniter\Boot::bootWeb(Object(Config\Paths))
CRITICAL - 2024-06-01 23:08:01 --> Error: Call to undefined method App\Controllers\API\CarsController::setResponseFormat()
[Method: GET, Route: api/cars]
in APPPATH\Controllers\API\CarsController.php on line 20.
 1 SYSTEMPATH\CodeIgniter.php(933): App\Controllers\API\CarsController->index()
 2 SYSTEMPATH\CodeIgniter.php(509): CodeIgniter\CodeIgniter->runController(Object(App\Controllers\API\CarsController))
 3 SYSTEMPATH\CodeIgniter.php(355): CodeIgniter\CodeIgniter->handleRequest(null, Object(Config\Cache), false)
 4 SYSTEMPATH\Boot.php(312): CodeIgniter\CodeIgniter->run()
 5 SYSTEMPATH\Boot.php(67): CodeIgniter\Boot::runCodeIgniter(Object(CodeIgniter\CodeIgniter))
 6 FCPATH\index.php(56): CodeIgniter\Boot::bootWeb(Object(Config\Paths))
CRITICAL - 2024-06-01 23:10:12 --> Error: Call to undefined method App\Controllers\API\CarsController::respond()
[Method: GET, Route: api/cars]
in APPPATH\Controllers\API\CarsController.php on line 20.
 1 SYSTEMPATH\CodeIgniter.php(933): App\Controllers\API\CarsController->index()
 2 SYSTEMPATH\CodeIgniter.php(509): CodeIgniter\CodeIgniter->runController(Object(App\Controllers\API\CarsController))
 3 SYSTEMPATH\CodeIgniter.php(355): CodeIgniter\CodeIgniter->handleRequest(null, Object(Config\Cache), false)
 4 SYSTEMPATH\Boot.php(312): CodeIgniter\CodeIgniter->run()
 5 SYSTEMPATH\Boot.php(67): CodeIgniter\Boot::runCodeIgniter(Object(CodeIgniter\CodeIgniter))
 6 FCPATH\index.php(56): CodeIgniter\Boot::bootWeb(Object(Config\Paths))
CRITICAL - 2024-06-01 23:11:38 --> TypeError: App\Controllers\API\CarsController::index(): Return value must be of type App\Controllers\API\json, CodeIgniter\HTTP\Response returned
[Method: GET, Route: api/cars]
in APPPATH\Controllers\API\CarsController.php on line 23.
 1 SYSTEMPATH\CodeIgniter.php(933): App\Controllers\API\CarsController->index()
 2 SYSTEMPATH\CodeIgniter.php(509): CodeIgniter\CodeIgniter->runController(Object(App\Controllers\API\CarsController))
 3 SYSTEMPATH\CodeIgniter.php(355): CodeIgniter\CodeIgniter->handleRequest(null, Object(Config\Cache), false)
 4 SYSTEMPATH\Boot.php(312): CodeIgniter\CodeIgniter->run()
 5 SYSTEMPATH\Boot.php(67): CodeIgniter\Boot::runCodeIgniter(Object(CodeIgniter\CodeIgniter))
 6 FCPATH\index.php(56): CodeIgniter\Boot::bootWeb(Object(Config\Paths))
CRITICAL - 2024-06-01 23:12:09 --> TypeError: App\Controllers\API\CarsController::index(): Return value must be of type App\Controllers\API\json, CodeIgniter\HTTP\Response returned
[Method: GET, Route: api/cars]
in APPPATH\Controllers\API\CarsController.php on line 23.
 1 SYSTEMPATH\CodeIgniter.php(933): App\Controllers\API\CarsController->index()
 2 SYSTEMPATH\CodeIgniter.php(509): CodeIgniter\CodeIgniter->runController(Object(App\Controllers\API\CarsController))
 3 SYSTEMPATH\CodeIgniter.php(355): CodeIgniter\CodeIgniter->handleRequest(null, Object(Config\Cache), false)
 4 SYSTEMPATH\Boot.php(312): CodeIgniter\CodeIgniter->run()
 5 SYSTEMPATH\Boot.php(67): CodeIgniter\Boot::runCodeIgniter(Object(CodeIgniter\CodeIgniter))
 6 FCPATH\index.php(56): CodeIgniter\Boot::bootWeb(Object(Config\Paths))
CRITICAL - 2024-06-01 23:12:14 --> TypeError: App\Controllers\API\CarsController::index(): Return value must be of type App\Controllers\API\json, CodeIgniter\HTTP\Response returned
[Method: GET, Route: api/cars]
in APPPATH\Controllers\API\CarsController.php on line 23.
 1 SYSTEMPATH\CodeIgniter.php(933): App\Controllers\API\CarsController->index()
 2 SYSTEMPATH\CodeIgniter.php(509): CodeIgniter\CodeIgniter->runController(Object(App\Controllers\API\CarsController))
 3 SYSTEMPATH\CodeIgniter.php(355): CodeIgniter\CodeIgniter->handleRequest(null, Object(Config\Cache), false)
 4 SYSTEMPATH\Boot.php(312): CodeIgniter\CodeIgniter->run()
 5 SYSTEMPATH\Boot.php(67): CodeIgniter\Boot::runCodeIgniter(Object(CodeIgniter\CodeIgniter))
 6 FCPATH\index.php(56): CodeIgniter\Boot::bootWeb(Object(Config\Paths))
CRITICAL - 2024-06-01 23:14:53 --> TypeError: App\Controllers\API\CarsController::index(): Return value must be of type App\Controllers\API\json, CodeIgniter\HTTP\Response returned
[Method: GET, Route: api/cars]
in APPPATH\Controllers\API\CarsController.php on line 17.
 1 SYSTEMPATH\CodeIgniter.php(933): App\Controllers\API\CarsController->index()
 2 SYSTEMPATH\CodeIgniter.php(509): CodeIgniter\CodeIgniter->runController(Object(App\Controllers\API\CarsController))
 3 SYSTEMPATH\CodeIgniter.php(355): CodeIgniter\CodeIgniter->handleRequest(null, Object(Config\Cache), false)
 4 SYSTEMPATH\Boot.php(312): CodeIgniter\CodeIgniter->run()
 5 SYSTEMPATH\Boot.php(67): CodeIgniter\Boot::runCodeIgniter(Object(CodeIgniter\CodeIgniter))
 6 FCPATH\index.php(56): CodeIgniter\Boot::bootWeb(Object(Config\Paths))
CRITICAL - 2024-06-01 23:17:40 --> TypeError: App\Controllers\API\CarsController::index(): Return value must be of type App\Controllers\API\json, CodeIgniter\HTTP\Response returned
[Method: GET, Route: api/cars]
in APPPATH\Controllers\API\CarsController.php on line 17.
 1 SYSTEMPATH\CodeIgniter.php(933): App\Controllers\API\CarsController->index()
 2 SYSTEMPATH\CodeIgniter.php(509): CodeIgniter\CodeIgniter->runController(Object(App\Controllers\API\CarsController))
 3 SYSTEMPATH\CodeIgniter.php(355): CodeIgniter\CodeIgniter->handleRequest(null, Object(Config\Cache), false)
 4 SYSTEMPATH\Boot.php(312): CodeIgniter\CodeIgniter->run()
 5 SYSTEMPATH\Boot.php(67): CodeIgniter\Boot::runCodeIgniter(Object(CodeIgniter\CodeIgniter))
 6 FCPATH\index.php(56): CodeIgniter\Boot::bootWeb(Object(Config\Paths))
CRITICAL - 2024-06-01 23:17:44 --> TypeError: App\Controllers\API\CarsController::index(): Return value must be of type App\Controllers\API\json, CodeIgniter\HTTP\Response returned
[Method: GET, Route: api/cars]
in APPPATH\Controllers\API\CarsController.php on line 17.
 1 SYSTEMPATH\CodeIgniter.php(933): App\Controllers\API\CarsController->index()
 2 SYSTEMPATH\CodeIgniter.php(509): CodeIgniter\CodeIgniter->runController(Object(App\Controllers\API\CarsController))
 3 SYSTEMPATH\CodeIgniter.php(355): CodeIgniter\CodeIgniter->handleRequest(null, Object(Config\Cache), false)
 4 SYSTEMPATH\Boot.php(312): CodeIgniter\CodeIgniter->run()
 5 SYSTEMPATH\Boot.php(67): CodeIgniter\Boot::runCodeIgniter(Object(CodeIgniter\CodeIgniter))
 6 FCPATH\index.php(56): CodeIgniter\Boot::bootWeb(Object(Config\Paths))
CRITICAL - 2024-06-01 23:17:46 --> TypeError: App\Controllers\API\CarsController::index(): Return value must be of type App\Controllers\API\json, CodeIgniter\HTTP\Response returned
[Method: GET, Route: api/cars]
in APPPATH\Controllers\API\CarsController.php on line 17.
 1 SYSTEMPATH\CodeIgniter.php(933): App\Controllers\API\CarsController->index()
 2 SYSTEMPATH\CodeIgniter.php(509): CodeIgniter\CodeIgniter->runController(Object(App\Controllers\API\CarsController))
 3 SYSTEMPATH\CodeIgniter.php(355): CodeIgniter\CodeIgniter->handleRequest(null, Object(Config\Cache), false)
 4 SYSTEMPATH\Boot.php(312): CodeIgniter\CodeIgniter->run()
 5 SYSTEMPATH\Boot.php(67): CodeIgniter\Boot::runCodeIgniter(Object(CodeIgniter\CodeIgniter))
 6 FCPATH\index.php(56): CodeIgniter\Boot::bootWeb(Object(Config\Paths))
CRITICAL - 2024-06-01 23:25:14 --> ErrorException: Access level to App\Controllers\API\CarsController::$response must be protected (as in class CodeIgniter\Controller) or weaker
[Method: GET, Route: api/cars]
in APPPATH\Controllers\API\CarsController.php on line 8.
 1 [internal function]: CodeIgniter\Debug\Exceptions->shutdownHandler()
CRITICAL - 2024-06-01 23:25:44 --> TypeError: App\Controllers\API\CarsController::index(): Return value must be of type App\Controllers\API\json, CodeIgniter\HTTP\Response returned
[Method: GET, Route: api/cars]
in APPPATH\Controllers\API\CarsController.php on line 22.
 1 SYSTEMPATH\CodeIgniter.php(933): App\Controllers\API\CarsController->index()
 2 SYSTEMPATH\CodeIgniter.php(509): CodeIgniter\CodeIgniter->runController(Object(App\Controllers\API\CarsController))
 3 SYSTEMPATH\CodeIgniter.php(355): CodeIgniter\CodeIgniter->handleRequest(null, Object(Config\Cache), false)
 4 SYSTEMPATH\Boot.php(312): CodeIgniter\CodeIgniter->run()
 5 SYSTEMPATH\Boot.php(67): CodeIgniter\Boot::runCodeIgniter(Object(CodeIgniter\CodeIgniter))
 6 FCPATH\index.php(56): CodeIgniter\Boot::bootWeb(Object(Config\Paths))
CRITICAL - 2024-06-01 23:29:18 --> Error: Call to undefined method App\Controllers\API\CarsController::getRequest()
[Method: POST, Route: api/cars]
in APPPATH\Controllers\API\CarsController.php on line 32.
 1 SYSTEMPATH\CodeIgniter.php(933): App\Controllers\API\CarsController->store()
 2 SYSTEMPATH\CodeIgniter.php(509): CodeIgniter\CodeIgniter->runController(Object(App\Controllers\API\CarsController))
 3 SYSTEMPATH\CodeIgniter.php(355): CodeIgniter\CodeIgniter->handleRequest(null, Object(Config\Cache), false)
 4 SYSTEMPATH\Boot.php(312): CodeIgniter\CodeIgniter->run()
 5 SYSTEMPATH\Boot.php(67): CodeIgniter\Boot::runCodeIgniter(Object(CodeIgniter\CodeIgniter))
 6 FCPATH\index.php(56): CodeIgniter\Boot::bootWeb(Object(Config\Paths))
CRITICAL - 2024-06-01 23:30:11 --> TypeError: App\Controllers\API\CarsController::store(): Return value must be of type App\Controllers\API\json, none returned
[Method: POST, Route: api/cars]
in APPPATH\Controllers\API\CarsController.php on line 34.
 1 SYSTEMPATH\CodeIgniter.php(933): App\Controllers\API\CarsController->store()
 2 SYSTEMPATH\CodeIgniter.php(509): CodeIgniter\CodeIgniter->runController(Object(App\Controllers\API\CarsController))
 3 SYSTEMPATH\CodeIgniter.php(355): CodeIgniter\CodeIgniter->handleRequest(null, Object(Config\Cache), false)
 4 SYSTEMPATH\Boot.php(312): CodeIgniter\CodeIgniter->run()
 5 SYSTEMPATH\Boot.php(67): CodeIgniter\Boot::runCodeIgniter(Object(CodeIgniter\CodeIgniter))
 6 FCPATH\index.php(56): CodeIgniter\Boot::bootWeb(Object(Config\Paths))
